2023-10-22T19:46:35.004104-0400 INFO ===================================START===================================
2023-10-22T19:46:35.004897-0400 INFO Description: PubMed bibliographic record
2023-10-22T19:46:35.005471-0400 INFO Nombres de documents en base :36356576
2023-10-22T19:46:35.006019-0400 INFO Date de la dernière mise à jour Pubmed: 2023/10/21 22:33
2023-10-22T19:46:35.734177-0400 INFO Results found : 4386
2023-10-22T19:46:35.734603-0400 INFO Ten first results: ['37864334', '37814323', '37787313', '37786438', '37764687', '37687058', '37653503', '37623000', '37578237', '37572059']
2023-10-22T19:46:35.734864-0400 INFO ====================================END--ESEARCH==================================
2023-10-22T19:48:41.111002-0400 INFO ===================================START===================================
2023-10-22T19:48:41.111534-0400 INFO Description: PubMed bibliographic record
2023-10-22T19:48:41.111851-0400 INFO Nombres de documents en base :36356576
2023-10-22T19:48:41.112096-0400 INFO Date de la dernière mise à jour Pubmed: 2023/10/22 00:29
2023-10-22T19:48:41.498471-0400 INFO Results found : 4386
2023-10-22T19:48:41.498698-0400 INFO Ten first results: ['37864334', '37814323', '37787313', '37786438', '37764687', '37687058', '37653503', '37623000', '37578237', '37572059']
2023-10-22T19:48:41.498841-0400 INFO ====================================END--ESEARCH==================================
2023-10-22T19:48:41.499958-0400 ERROR Invalid date format. Please use YYYY/MM/DD format.
2023-10-22T19:48:41.511614-0400 INFO ===================================START===================================
2023-10-22T19:48:41.511614-0400 INFO ===================================START===================================
2023-10-22T19:48:41.511849-0400 INFO Liste des PMIDs: ['37864334', '37814323', '37787313', '37786438', '37764687', '37687058', '37653503', '37623000', '37578237', '37572059']
2023-10-22T19:48:41.511849-0400 INFO Liste des PMIDs: ['37864334', '37814323', '37787313', '37786438', '37764687', '37687058', '37653503', '37623000', '37578237', '37572059']
2023-10-22T19:48:41.512010-0400 INFO Liste des dates: None
2023-10-22T19:48:41.512010-0400 INFO Liste des dates: None
